<?xml version="1.0" encoding="UTF-8"?>
<!-- Generated by org.testng.reporters.JUnitReportReporter -->
<testsuite skipped="0" hostname="DESKTOP-AKRAONI" name="com.actitime.testscript.CustomerModule" tests="1" failures="0" timestamp="2022-08-15T09:42:24 IST" time="17.332" errors="0">
  <testcase name="testCreateCustomer" time="17.332" classname="com.actitime.testscript.CustomerModule"/>
  <system-out>
    <![CDATA[Create customer]]>
  </system-out>
</testsuite> <!-- com.actitime.testscript.CustomerModule -->
